<?xml version="1.0" encoding="UTF-8"?>
<!-- Generated by org.testng.reporters.JUnitXMLReporter -->
<testsuite ignored="1" hostname="QUASPC1211" failures="0" tests="1" name="Default test" time="1.1" errors="0" timestamp="2023-06-08T11:59:31 IST">
  <testcase classname="Test_Project.Test_Project.Test_Class" name="palindrome" time="1.076"/>
  <testcase classname="Test_Project.Test_Project.Test_Class" name="Test_1" time="0.0">
    <ignored/>
  </testcase> <!-- Test_1 -->
</testsuite> <!-- Default test -->
